
Processing ../Scripts/getTgt.C("2005")...
Unknown tgt: 2212
Unknown tgt: 2212
Unknown tgt: 2212
Unknown tgt: 2212
Unknown tgt: 2212
Unknown tgt: 2212
Unknown tgt: 2212
Unknown tgt: 2212
Unknown tgt: 2212
Unknown tgt: 2212
Unknown tgt: 2212
Unknown tgt: 2212
Unknown tgt: 2212
Unknown tgt: 2212
Unknown tgt: 2212
Unknown tgt: 2212
Unknown tgt: 2212
Unknown tgt: 2212
Unknown tgt: 2212
Unknown tgt: 2212
Unknown tgt: 2212
Unknown tgt: 2212
Unknown tgt: 2212
Unknown tgt: 2212
Unknown tgt: 2212
Unknown tgt: 2212
Unknown tgt: 2212
Unknown tgt: 2212
Unknown tgt: 2212
Unknown tgt: 2212
Unknown tgt: 2212
Unknown tgt: 2212
Unknown tgt: 2212
Unknown tgt: 2212
Unknown tgt: 2212
Unknown tgt: 2212
Unknown tgt: 2212
Unknown tgt: 2212
Unknown tgt: 2212
Unknown tgt: 2212
Unknown tgt: 2212
Unknown tgt: 2212
Unknown tgt: 2212
Unknown tgt: 2212
Unknown tgt: 2212
Unknown tgt: 2212
Unknown tgt: 2212
Unknown tgt: 2212
Unknown tgt: 2212
Unknown tgt: 2212
Unknown tgt: 2212
Unknown tgt: 2212
Unknown tgt: 2212
Unknown tgt: 2212
Unknown tgt: 2212
Unknown tgt: 2212
Unknown tgt: 2212
Unknown tgt: 2212
Unknown tgt: 2212
Unknown tgt: 2212
Unknown tgt: 2212
Unknown tgt: 2212
Unknown tgt: 2212
Unknown tgt: 2212
Unknown tgt: 2212
Unknown tgt: 2212
Unknown tgt: 2212
Unknown tgt: 2212
Unknown tgt: 2212
Unknown tgt: 2212
Unknown tgt: 2212
Unknown tgt: 2212
Unknown tgt: 2212
Unknown tgt: 2212
Unknown tgt: 2212
Unknown tgt: 2212
Unknown tgt: 2212
Unknown tgt: 2212
Unknown tgt: 2212
Unknown tgt: 2212
Unknown tgt: 2212
Unknown tgt: 2212
Unknown tgt: 2212
Unknown tgt: 2212
[-]
 |---o code: 1000010010 [   H1] -----> number-of-initial-interactions = 0   (0%)
 |---o code: 1000060120 [  C12] -----> number-of-initial-interactions = 0   (0%)
 |---o code: 1000070140 [  N14] -----> number-of-initial-interactions = 0   (0%)
 |---o code: 1000080160 [  O16] -----> number-of-initial-interactions = 908 (90.8%)
 |---o code: 1000110230 [ Na23] -----> number-of-initial-interactions = 0   (0%)
 |---o code: 1000120240 [ Mg24] -----> number-of-initial-interactions = 0   (0%)
 |---o code: 1000130270 [ Al27] -----> number-of-initial-interactions = 0   (0%)
 |---o code: 1000140280 [ Si28] -----> number-of-initial-interactions = 0   (0%)
 |---o code: 1000180400 [ Ar40] -----> number-of-initial-interactions = 2   (0.2%)
 |---o code: 1000190390 [  K39] -----> number-of-initial-interactions = 0   (0%)
 |---o code: 1000200400 [ Ca40] -----> number-of-initial-interactions = 0   (0%)
 |---o code: 1000260560 [ Fe56] -----> number-of-initial-interactions = 6   (0.6%)

Processing ../Scripts/getTgt.C("2003")...
Unknown tgt: 2212
Unknown tgt: 2212
Unknown tgt: 2212
Unknown tgt: 2212
Unknown tgt: 2212
Unknown tgt: 2212
Unknown tgt: 2212
Unknown tgt: 2212
Unknown tgt: 2212
Unknown tgt: 2212
Unknown tgt: 2212
Unknown tgt: 2212
Unknown tgt: 2212
Unknown tgt: 2212
Unknown tgt: 2212
Unknown tgt: 2212
Unknown tgt: 2212
Unknown tgt: 2212
Unknown tgt: 2212
Unknown tgt: 2212
Unknown tgt: 2212
Unknown tgt: 2212
Unknown tgt: 2212
Unknown tgt: 2212
Unknown tgt: 2212
Unknown tgt: 2212
Unknown tgt: 2212
Unknown tgt: 2212
Unknown tgt: 2212
Unknown tgt: 2212
Unknown tgt: 2212
Unknown tgt: 2212
Unknown tgt: 2212
Unknown tgt: 2212
Unknown tgt: 2212
Unknown tgt: 2212
Unknown tgt: 2212
Unknown tgt: 2212
Unknown tgt: 2212
Unknown tgt: 2212
Unknown tgt: 2212
Unknown tgt: 2212
Unknown tgt: 2212
Unknown tgt: 2212
Unknown tgt: 2212
Unknown tgt: 2212
Unknown tgt: 2212
Unknown tgt: 2212
Unknown tgt: 2212
Unknown tgt: 2212
Unknown tgt: 2212
Unknown tgt: 2212
Unknown tgt: 2212
Unknown tgt: 2212
Unknown tgt: 2212
Unknown tgt: 2212
Unknown tgt: 2212
Unknown tgt: 2212
Unknown tgt: 2212
Unknown tgt: 2212
Unknown tgt: 2212
Unknown tgt: 2212
Unknown tgt: 2212
Unknown tgt: 2212
Unknown tgt: 2212
Unknown tgt: 2212
Unknown tgt: 2212
Unknown tgt: 2212
Unknown tgt: 2212
Unknown tgt: 2212
Unknown tgt: 2212
Unknown tgt: 2212
Unknown tgt: 2212
Unknown tgt: 2212
Unknown tgt: 2212
Unknown tgt: 2212
Unknown tgt: 2212
Unknown tgt: 2212
Unknown tgt: 2212
Unknown tgt: 2212
Unknown tgt: 2212
Unknown tgt: 2212
Unknown tgt: 2212
Unknown tgt: 2212
Unknown tgt: 2212
Unknown tgt: 2212
Unknown tgt: 2212
Unknown tgt: 2212
Unknown tgt: 2212
Unknown tgt: 2212
Unknown tgt: 2212
[-]
 |---o code: 1000010010 [   H1] -----> number-of-initial-interactions = 0   (0%)
 |---o code: 1000060120 [  C12] -----> number-of-initial-interactions = 0   (0%)
 |---o code: 1000070140 [  N14] -----> number-of-initial-interactions = 0   (0%)
 |---o code: 1000080160 [  O16] -----> number-of-initial-interactions = 901 (90.1%)
 |---o code: 1000110230 [ Na23] -----> number-of-initial-interactions = 0   (0%)
 |---o code: 1000120240 [ Mg24] -----> number-of-initial-interactions = 0   (0%)
 |---o code: 1000130270 [ Al27] -----> number-of-initial-interactions = 0   (0%)
 |---o code: 1000140280 [ Si28] -----> number-of-initial-interactions = 0   (0%)
 |---o code: 1000180400 [ Ar40] -----> number-of-initial-interactions = 0   (0%)
 |---o code: 1000190390 [  K39] -----> number-of-initial-interactions = 0   (0%)
 |---o code: 1000200400 [ Ca40] -----> number-of-initial-interactions = 0   (0%)
 |---o code: 1000260560 [ Fe56] -----> number-of-initial-interactions = 8   (0.8%)

Processing ../Scripts/getTgt.C("2000")...
Unknown tgt: 2212
Unknown tgt: 2212
Unknown tgt: 2212
Unknown tgt: 2212
Unknown tgt: 2212
Unknown tgt: 2212
Unknown tgt: 2212
Unknown tgt: 2212
Unknown tgt: 2212
Unknown tgt: 2212
Unknown tgt: 2212
Unknown tgt: 2212
Unknown tgt: 2212
Unknown tgt: 2212
Unknown tgt: 2212
Unknown tgt: 2212
Unknown tgt: 2212
Unknown tgt: 2212
Unknown tgt: 2212
Unknown tgt: 2212
Unknown tgt: 2212
Unknown tgt: 2212
Unknown tgt: 2212
Unknown tgt: 2212
Unknown tgt: 2212
Unknown tgt: 2212
Unknown tgt: 2212
Unknown tgt: 2212
Unknown tgt: 2212
Unknown tgt: 2212
Unknown tgt: 2212
Unknown tgt: 2212
Unknown tgt: 2212
Unknown tgt: 2212
Unknown tgt: 2212
Unknown tgt: 2212
Unknown tgt: 2212
Unknown tgt: 2212
Unknown tgt: 2212
Unknown tgt: 2212
Unknown tgt: 2212
Unknown tgt: 2212
Unknown tgt: 2212
Unknown tgt: 2212
Unknown tgt: 2212
Unknown tgt: 2212
Unknown tgt: 2212
Unknown tgt: 2212
Unknown tgt: 2212
Unknown tgt: 2212
Unknown tgt: 2212
Unknown tgt: 2212
Unknown tgt: 2212
Unknown tgt: 2212
Unknown tgt: 2212
Unknown tgt: 2212
Unknown tgt: 2212
Unknown tgt: 2212
Unknown tgt: 2212
Unknown tgt: 2212
Unknown tgt: 2212
Unknown tgt: 2212
Unknown tgt: 2212
Unknown tgt: 2212
Unknown tgt: 2212
Unknown tgt: 2212
Unknown tgt: 2212
Unknown tgt: 2212
Unknown tgt: 2212
Unknown tgt: 2212
Unknown tgt: 2212
Unknown tgt: 2212
Unknown tgt: 2212
Unknown tgt: 2212
Unknown tgt: 2212
Unknown tgt: 2212
Unknown tgt: 2212
Unknown tgt: 2212
Unknown tgt: 2212
Unknown tgt: 2212
Unknown tgt: 2212
Unknown tgt: 2212
Unknown tgt: 2212
Unknown tgt: 2212
Unknown tgt: 2212
Unknown tgt: 2212
Unknown tgt: 2212
Unknown tgt: 2212
Unknown tgt: 2212
Unknown tgt: 2212
Unknown tgt: 2212
Unknown tgt: 2212
Unknown tgt: 2212
Unknown tgt: 2212
Unknown tgt: 2212
Unknown tgt: 2212
Unknown tgt: 2212
Unknown tgt: 2212
Unknown tgt: 2212
Unknown tgt: 2212
Unknown tgt: 2212
Unknown tgt: 2212
Unknown tgt: 2212
Unknown tgt: 2212
Unknown tgt: 2212
Unknown tgt: 2212
Unknown tgt: 2212
Unknown tgt: 2212
Unknown tgt: 2212
Unknown tgt: 2212
Unknown tgt: 2212
Unknown tgt: 2212
Unknown tgt: 2212
Unknown tgt: 2212
Unknown tgt: 2212
Unknown tgt: 2212
Unknown tgt: 2212
Unknown tgt: 2212
Unknown tgt: 2212
Unknown tgt: 2212
Unknown tgt: 2212
Unknown tgt: 2212
Unknown tgt: 2212
Unknown tgt: 2212
Unknown tgt: 2212
Unknown tgt: 2212
Unknown tgt: 2212
Unknown tgt: 2212
Unknown tgt: 2212
Unknown tgt: 2212
Unknown tgt: 2212
Unknown tgt: 2212
Unknown tgt: 2212
Unknown tgt: 2212
Unknown tgt: 2212
Unknown tgt: 2212
Unknown tgt: 2212
Unknown tgt: 2212
Unknown tgt: 2212
Unknown tgt: 2212
Unknown tgt: 2212
Unknown tgt: 2212
Unknown tgt: 2212
Unknown tgt: 2212
Unknown tgt: 2212
Unknown tgt: 2212
Unknown tgt: 2212
Unknown tgt: 2212
Unknown tgt: 2212
Unknown tgt: 2212
Unknown tgt: 2212
Unknown tgt: 2212
Unknown tgt: 2212
Unknown tgt: 2212
Unknown tgt: 2212
Unknown tgt: 2212
Unknown tgt: 2212
Unknown tgt: 2212
Unknown tgt: 2212
Unknown tgt: 2212
Unknown tgt: 2212
Unknown tgt: 2212
Unknown tgt: 2212
Unknown tgt: 2212
Unknown tgt: 2212
Unknown tgt: 2212
Unknown tgt: 2212
Unknown tgt: 2212
Unknown tgt: 2212
Unknown tgt: 2212
Unknown tgt: 2212
Unknown tgt: 2212
Unknown tgt: 2212
Unknown tgt: 2212
Unknown tgt: 2212
Unknown tgt: 2212
Unknown tgt: 2212
Unknown tgt: 2212
Unknown tgt: 2212
Unknown tgt: 2212
Unknown tgt: 2212
Unknown tgt: 2212
Unknown tgt: 2212
Unknown tgt: 2212
Unknown tgt: 2212
Unknown tgt: 2212
Unknown tgt: 2212
Unknown tgt: 2212
Unknown tgt: 2212
Unknown tgt: 2212
Unknown tgt: 2212
Unknown tgt: 2212
Unknown tgt: 2212
Unknown tgt: 2212
Unknown tgt: 2212
Unknown tgt: 2212
Unknown tgt: 2212
Unknown tgt: 2212
Unknown tgt: 2212
Unknown tgt: 2212
Unknown tgt: 2212
Unknown tgt: 2212
Unknown tgt: 2212
Unknown tgt: 2212
Unknown tgt: 2212
Unknown tgt: 2212
Unknown tgt: 2212
Unknown tgt: 2212
Unknown tgt: 2212
Unknown tgt: 2212
Unknown tgt: 2212
Unknown tgt: 2212
Unknown tgt: 2212
Unknown tgt: 2212
Unknown tgt: 2212
Unknown tgt: 2212
Unknown tgt: 2212
Unknown tgt: 2212
Unknown tgt: 2212
Unknown tgt: 2212
Unknown tgt: 2212
Unknown tgt: 2212
Unknown tgt: 2212
Unknown tgt: 2212
Unknown tgt: 2212
Unknown tgt: 2212
Unknown tgt: 2212
Unknown tgt: 2212
Unknown tgt: 2212
Unknown tgt: 2212
Unknown tgt: 2212
Unknown tgt: 2212
Unknown tgt: 2212
Unknown tgt: 2212
Unknown tgt: 2212
Unknown tgt: 2212
Unknown tgt: 2212
Unknown tgt: 2212
Unknown tgt: 2212
Unknown tgt: 2212
Unknown tgt: 2212
Unknown tgt: 2212
Unknown tgt: 2212
Unknown tgt: 2212
Unknown tgt: 2212
Unknown tgt: 2212
Unknown tgt: 2212
Unknown tgt: 2212
Unknown tgt: 2212
Unknown tgt: 2212
Unknown tgt: 2212
Unknown tgt: 2212
Unknown tgt: 2212
Unknown tgt: 2212
Unknown tgt: 2212
Unknown tgt: 2212
Unknown tgt: 2212
Unknown tgt: 2212
Unknown tgt: 2212
Unknown tgt: 2212
Unknown tgt: 2212
Unknown tgt: 2212
Unknown tgt: 2212
Unknown tgt: 2212
Unknown tgt: 2212
Unknown tgt: 2212
Unknown tgt: 2212
Unknown tgt: 2212
Unknown tgt: 2212
Unknown tgt: 2212
Unknown tgt: 2212
Unknown tgt: 2212
Unknown tgt: 2212
Unknown tgt: 2212
Unknown tgt: 2212
Unknown tgt: 2212
Unknown tgt: 2212
Unknown tgt: 2212
Unknown tgt: 2212
Unknown tgt: 2212
Unknown tgt: 2212
Unknown tgt: 2212
Unknown tgt: 2212
Unknown tgt: 2212
Unknown tgt: 2212
Unknown tgt: 2212
Unknown tgt: 2212
Unknown tgt: 2212
Unknown tgt: 2212
Unknown tgt: 2212
Unknown tgt: 2212
Unknown tgt: 2212
Unknown tgt: 2212
Unknown tgt: 2212
Unknown tgt: 2212
Unknown tgt: 2212
Unknown tgt: 2212
Unknown tgt: 2212
Unknown tgt: 2212
Unknown tgt: 2212
Unknown tgt: 2212
Unknown tgt: 2212
Unknown tgt: 2212
Unknown tgt: 2212
Unknown tgt: 2212
Unknown tgt: 2212
Unknown tgt: 2212
Unknown tgt: 2212
Unknown tgt: 2212
Unknown tgt: 2212
Unknown tgt: 2212
Unknown tgt: 2212
Unknown tgt: 2212
Unknown tgt: 2212
Unknown tgt: 2212
Unknown tgt: 2212
Unknown tgt: 2212
Unknown tgt: 2212
Unknown tgt: 2212
Unknown tgt: 2212
Unknown tgt: 2212
Unknown tgt: 2212
Unknown tgt: 2212
Unknown tgt: 2212
Unknown tgt: 2212
Unknown tgt: 2212
[-]
 |---o code: 1000010010 [   H1] -----> number-of-initial-interactions = 0    (0%)
 |---o code: 1000060120 [  C12] -----> number-of-initial-interactions = 0    (0%)
 |---o code: 1000070140 [  N14] -----> number-of-initial-interactions = 0    (0%)
 |---o code: 1000080160 [  O16] -----> number-of-initial-interactions = 3645 (91.125%)
 |---o code: 1000110230 [ Na23] -----> number-of-initial-interactions = 0    (0%)
 |---o code: 1000120240 [ Mg24] -----> number-of-initial-interactions = 0    (0%)
 |---o code: 1000130270 [ Al27] -----> number-of-initial-interactions = 0    (0%)
 |---o code: 1000140280 [ Si28] -----> number-of-initial-interactions = 0    (0%)
 |---o code: 1000180400 [ Ar40] -----> number-of-initial-interactions = 4    (0.1%)
 |---o code: 1000190390 [  K39] -----> number-of-initial-interactions = 0    (0%)
 |---o code: 1000200400 [ Ca40] -----> number-of-initial-interactions = 0    (0%)
 |---o code: 1000260560 [ Fe56] -----> number-of-initial-interactions = 25   (0.625%)

Processing ../Scripts/getTgt.C("2000")...
Unknown tgt: 2212
Unknown tgt: 2212
Unknown tgt: 2212
Unknown tgt: 2212
Unknown tgt: 2212
Unknown tgt: 2212
Unknown tgt: 2212
Unknown tgt: 2212
Unknown tgt: 2212
Unknown tgt: 2212
Unknown tgt: 2212
Unknown tgt: 2212
Unknown tgt: 2212
Unknown tgt: 2212
Unknown tgt: 2212
Unknown tgt: 2212
Unknown tgt: 2212
Unknown tgt: 2212
Unknown tgt: 2212
Unknown tgt: 2212
Unknown tgt: 2212
Unknown tgt: 2212
Unknown tgt: 2212
Unknown tgt: 2212
Unknown tgt: 2212
Unknown tgt: 2212
Unknown tgt: 2212
Unknown tgt: 2212
Unknown tgt: 2212
Unknown tgt: 2212
Unknown tgt: 2212
Unknown tgt: 2212
Unknown tgt: 2212
Unknown tgt: 2212
Unknown tgt: 2212
Unknown tgt: 2212
Unknown tgt: 2212
Unknown tgt: 2212
Unknown tgt: 2212
Unknown tgt: 2212
Unknown tgt: 2212
Unknown tgt: 2212
Unknown tgt: 2212
Unknown tgt: 2212
Unknown tgt: 2212
Unknown tgt: 2212
Unknown tgt: 2212
Unknown tgt: 2212
Unknown tgt: 2212
Unknown tgt: 2212
Unknown tgt: 2212
Unknown tgt: 2212
Unknown tgt: 2212
Unknown tgt: 2212
Unknown tgt: 2212
Unknown tgt: 2212
Unknown tgt: 2212
Unknown tgt: 2212
Unknown tgt: 2212
Unknown tgt: 2212
Unknown tgt: 2212
Unknown tgt: 2212
Unknown tgt: 2212
Unknown tgt: 2212
Unknown tgt: 2212
Unknown tgt: 2212
Unknown tgt: 2212
Unknown tgt: 2212
Unknown tgt: 2212
Unknown tgt: 2212
Unknown tgt: 2212
Unknown tgt: 2212
Unknown tgt: 2212
Unknown tgt: 2212
Unknown tgt: 2212
Unknown tgt: 2212
Unknown tgt: 2212
Unknown tgt: 2212
Unknown tgt: 2212
Unknown tgt: 2212
Unknown tgt: 2212
Unknown tgt: 2212
Unknown tgt: 2212
Unknown tgt: 2212
Unknown tgt: 2212
Unknown tgt: 2212
Unknown tgt: 2212
Unknown tgt: 2212
Unknown tgt: 2212
Unknown tgt: 2212
Unknown tgt: 2212
Unknown tgt: 2212
Unknown tgt: 2212
Unknown tgt: 2212
Unknown tgt: 2212
Unknown tgt: 2212
Unknown tgt: 2212
Unknown tgt: 2212
Unknown tgt: 2212
Unknown tgt: 2212
Unknown tgt: 2212
Unknown tgt: 2212
Unknown tgt: 2212
Unknown tgt: 2212
Unknown tgt: 2212
Unknown tgt: 2212
Unknown tgt: 2212
Unknown tgt: 2212
Unknown tgt: 2212
Unknown tgt: 2212
Unknown tgt: 2212
Unknown tgt: 2212
Unknown tgt: 2212
Unknown tgt: 2212
Unknown tgt: 2212
Unknown tgt: 2212
Unknown tgt: 2212
Unknown tgt: 2212
Unknown tgt: 2212
Unknown tgt: 2212
Unknown tgt: 2212
Unknown tgt: 2212
Unknown tgt: 2212
Unknown tgt: 2212
Unknown tgt: 2212
Unknown tgt: 2212
Unknown tgt: 2212
Unknown tgt: 2212
Unknown tgt: 2212
Unknown tgt: 2212
Unknown tgt: 2212
Unknown tgt: 2212
Unknown tgt: 2212
Unknown tgt: 2212
Unknown tgt: 2212
Unknown tgt: 2212
Unknown tgt: 2212
Unknown tgt: 2212
Unknown tgt: 2212
Unknown tgt: 2212
Unknown tgt: 2212
Unknown tgt: 2212
Unknown tgt: 2212
Unknown tgt: 2212
Unknown tgt: 2212
Unknown tgt: 2212
Unknown tgt: 2212
Unknown tgt: 2212
Unknown tgt: 2212
Unknown tgt: 2212
Unknown tgt: 2212
Unknown tgt: 2212
Unknown tgt: 2212
Unknown tgt: 2212
Unknown tgt: 2212
Unknown tgt: 2212
Unknown tgt: 2212
Unknown tgt: 2212
Unknown tgt: 2212
Unknown tgt: 2212
Unknown tgt: 2212
Unknown tgt: 2212
Unknown tgt: 2212
Unknown tgt: 2212
Unknown tgt: 2212
Unknown tgt: 2212
Unknown tgt: 2212
Unknown tgt: 2212
Unknown tgt: 2212
Unknown tgt: 2212
Unknown tgt: 2212
Unknown tgt: 2212
Unknown tgt: 2212
Unknown tgt: 2212
Unknown tgt: 2212
Unknown tgt: 2212
Unknown tgt: 2212
Unknown tgt: 2212
Unknown tgt: 2212
Unknown tgt: 2212
Unknown tgt: 2212
Unknown tgt: 2212
Unknown tgt: 2212
Unknown tgt: 2212
Unknown tgt: 2212
Unknown tgt: 2212
Unknown tgt: 2212
Unknown tgt: 2212
Unknown tgt: 2212
Unknown tgt: 2212
Unknown tgt: 2212
Unknown tgt: 2212
Unknown tgt: 2212
Unknown tgt: 2212
Unknown tgt: 2212
Unknown tgt: 2212
Unknown tgt: 2212
Unknown tgt: 2212
Unknown tgt: 2212
Unknown tgt: 2212
Unknown tgt: 2212
Unknown tgt: 2212
Unknown tgt: 2212
Unknown tgt: 2212
Unknown tgt: 2212
Unknown tgt: 2212
Unknown tgt: 2212
Unknown tgt: 2212
Unknown tgt: 2212
Unknown tgt: 2212
Unknown tgt: 2212
Unknown tgt: 2212
Unknown tgt: 2212
Unknown tgt: 2212
Unknown tgt: 2212
Unknown tgt: 2212
Unknown tgt: 2212
Unknown tgt: 2212
Unknown tgt: 2212
Unknown tgt: 2212
Unknown tgt: 2212
Unknown tgt: 2212
Unknown tgt: 2212
Unknown tgt: 2212
Unknown tgt: 2212
Unknown tgt: 2212
Unknown tgt: 2212
Unknown tgt: 2212
Unknown tgt: 2212
Unknown tgt: 2212
Unknown tgt: 2212
Unknown tgt: 2212
Unknown tgt: 2212
Unknown tgt: 2212
Unknown tgt: 2212
Unknown tgt: 2212
Unknown tgt: 2212
Unknown tgt: 2212
Unknown tgt: 2212
Unknown tgt: 2212
Unknown tgt: 2212
Unknown tgt: 2212
Unknown tgt: 2212
Unknown tgt: 2212
Unknown tgt: 2212
Unknown tgt: 2212
Unknown tgt: 2212
Unknown tgt: 2212
Unknown tgt: 2212
Unknown tgt: 2212
Unknown tgt: 2212
Unknown tgt: 2212
Unknown tgt: 2212
Unknown tgt: 2212
Unknown tgt: 2212
Unknown tgt: 2212
Unknown tgt: 2212
Unknown tgt: 2212
Unknown tgt: 2212
Unknown tgt: 2212
Unknown tgt: 2212
Unknown tgt: 2212
Unknown tgt: 2212
Unknown tgt: 2212
Unknown tgt: 2212
Unknown tgt: 2212
Unknown tgt: 2212
Unknown tgt: 2212
Unknown tgt: 2212
Unknown tgt: 2212
Unknown tgt: 2212
Unknown tgt: 2212
Unknown tgt: 2212
Unknown tgt: 2212
Unknown tgt: 2212
Unknown tgt: 2212
Unknown tgt: 2212
Unknown tgt: 2212
Unknown tgt: 2212
Unknown tgt: 2212
Unknown tgt: 2212
Unknown tgt: 2212
Unknown tgt: 2212
Unknown tgt: 2212
Unknown tgt: 2212
Unknown tgt: 2212
Unknown tgt: 2212
Unknown tgt: 2212
Unknown tgt: 2212
Unknown tgt: 2212
Unknown tgt: 2212
Unknown tgt: 2212
Unknown tgt: 2212
Unknown tgt: 2212
Unknown tgt: 2212
Unknown tgt: 2212
Unknown tgt: 2212
Unknown tgt: 2212
Unknown tgt: 2212
Unknown tgt: 2212
Unknown tgt: 2212
Unknown tgt: 2212
Unknown tgt: 2212
Unknown tgt: 2212
Unknown tgt: 2212
Unknown tgt: 2212
Unknown tgt: 2212
Unknown tgt: 2212
Unknown tgt: 2212
Unknown tgt: 2212
Unknown tgt: 2212
Unknown tgt: 2212
Unknown tgt: 2212
Unknown tgt: 2212
Unknown tgt: 2212
Unknown tgt: 2212
Unknown tgt: 2212
Unknown tgt: 2212
Unknown tgt: 2212
Unknown tgt: 2212
Unknown tgt: 2212
Unknown tgt: 2212
Unknown tgt: 2212
Unknown tgt: 2212
Unknown tgt: 2212
Unknown tgt: 2212
Unknown tgt: 2212
Unknown tgt: 2212
Unknown tgt: 2212
Unknown tgt: 2212
Unknown tgt: 2212
Unknown tgt: 2212
Unknown tgt: 2212
Unknown tgt: 2212
Unknown tgt: 2212
Unknown tgt: 2212
Unknown tgt: 2212
Unknown tgt: 2212
Unknown tgt: 2212
Unknown tgt: 2212
Unknown tgt: 2212
Unknown tgt: 2212
Unknown tgt: 2212
Unknown tgt: 2212
Unknown tgt: 2212
Unknown tgt: 2212
Unknown tgt: 2212
Unknown tgt: 2212
Unknown tgt: 2212
Unknown tgt: 2212
Unknown tgt: 2212
Unknown tgt: 2212
Unknown tgt: 2212
Unknown tgt: 2212
Unknown tgt: 2212
Unknown tgt: 2212
Unknown tgt: 2212
Unknown tgt: 2212
Unknown tgt: 2212
Unknown tgt: 2212
Unknown tgt: 2212
Unknown tgt: 2212
Unknown tgt: 2212
Unknown tgt: 2212
Unknown tgt: 2212
Unknown tgt: 2212
Unknown tgt: 2212
Unknown tgt: 2212
Unknown tgt: 2212
Unknown tgt: 2212
Unknown tgt: 2212
Unknown tgt: 2212
Unknown tgt: 2212
Unknown tgt: 2212
Unknown tgt: 2212
Unknown tgt: 2212
Unknown tgt: 2212
Unknown tgt: 2212
Unknown tgt: 2212
Unknown tgt: 2212
Unknown tgt: 2212
Unknown tgt: 2212
Unknown tgt: 2212
Unknown tgt: 2212
Unknown tgt: 2212
Unknown tgt: 2212
Unknown tgt: 2212
Unknown tgt: 2212
Unknown tgt: 2212
Unknown tgt: 2212
Unknown tgt: 2212
Unknown tgt: 2212
Unknown tgt: 2212
Unknown tgt: 2212
Unknown tgt: 2212
Unknown tgt: 2212
Unknown tgt: 2212
Unknown tgt: 2212
Unknown tgt: 2212
Unknown tgt: 2212
Unknown tgt: 2212
Unknown tgt: 2212
Unknown tgt: 2212
Unknown tgt: 2212
Unknown tgt: 2212
Unknown tgt: 2212
Unknown tgt: 2212
Unknown tgt: 2212
Unknown tgt: 2212
Unknown tgt: 2212
Unknown tgt: 2212
Unknown tgt: 2212
Unknown tgt: 2212
Unknown tgt: 2212
Unknown tgt: 2212
Unknown tgt: 2212
Unknown tgt: 2212
Unknown tgt: 2212
Unknown tgt: 2212
Unknown tgt: 2212
Unknown tgt: 2212
Unknown tgt: 2212
Unknown tgt: 2212
Unknown tgt: 2212
Unknown tgt: 2212
Unknown tgt: 2212
Unknown tgt: 2212
Unknown tgt: 2212
Unknown tgt: 2212
Unknown tgt: 2212
Unknown tgt: 2212
Unknown tgt: 2212
Unknown tgt: 2212
Unknown tgt: 2212
Unknown tgt: 2212
Unknown tgt: 2212
Unknown tgt: 2212
Unknown tgt: 2212
Unknown tgt: 2212
Unknown tgt: 2212
Unknown tgt: 2212
Unknown tgt: 2212
Unknown tgt: 2212
Unknown tgt: 2212
Unknown tgt: 2212
Unknown tgt: 2212
Unknown tgt: 2212
Unknown tgt: 2212
Unknown tgt: 2212
Unknown tgt: 2212
Unknown tgt: 2212
Unknown tgt: 2212
Unknown tgt: 2212
Unknown tgt: 2212
Unknown tgt: 2212
Unknown tgt: 2212
Unknown tgt: 2212
Unknown tgt: 2212
Unknown tgt: 2212
Unknown tgt: 2212
Unknown tgt: 2212
Unknown tgt: 2212
Unknown tgt: 2212
Unknown tgt: 2212
Unknown tgt: 2212
Unknown tgt: 2212
Unknown tgt: 2212
Unknown tgt: 2212
Unknown tgt: 2212
Unknown tgt: 2212
Unknown tgt: 2212
Unknown tgt: 2212
Unknown tgt: 2212
Unknown tgt: 2212
Unknown tgt: 2212
Unknown tgt: 2212
Unknown tgt: 2212
Unknown tgt: 2212
Unknown tgt: 2212
[-]
 |---o code: 1000010010 [   H1] -----> number-of-initial-interactions = 0    (0%)
 |---o code: 1000060120 [  C12] -----> number-of-initial-interactions = 0    (0%)
 |---o code: 1000070140 [  N14] -----> number-of-initial-interactions = 0    (0%)
 |---o code: 1000080160 [  O16] -----> number-of-initial-interactions = 5477 (91.2833%)
 |---o code: 1000110230 [ Na23] -----> number-of-initial-interactions = 0    (0%)
 |---o code: 1000120240 [ Mg24] -----> number-of-initial-interactions = 0    (0%)
 |---o code: 1000130270 [ Al27] -----> number-of-initial-interactions = 0    (0%)
 |---o code: 1000140280 [ Si28] -----> number-of-initial-interactions = 0    (0%)
 |---o code: 1000180400 [ Ar40] -----> number-of-initial-interactions = 7    (0.116667%)
 |---o code: 1000190390 [  K39] -----> number-of-initial-interactions = 0    (0%)
 |---o code: 1000200400 [ Ca40] -----> number-of-initial-interactions = 0    (0%)
 |---o code: 1000260560 [ Fe56] -----> number-of-initial-interactions = 37   (0.616667%)
